[0.084s] Invoking command in '/home/wompus/VESC_ROS2/build/vesc_interfaces': CMAKE_PREFIX_PATH=${CMAKE_PREFIX_PATH}:/home/wompus/VESC_ROS2/install/differential_drive:/opt/ros/humble /usr/bin/cmake /home/wompus/VESC_ROS2/src/vesc_interfaces -DAMENT_CMAKE_SYMLINK_INSTALL=1 -DCMAKE_INSTALL_PREFIX=/home/wompus/VESC_ROS2/install/vesc_interfaces
[0.451s] -- The C compiler identification is GNU 11.4.0
[1.225s] -- The CXX compiler identification is GNU 11.4.0
[1.268s] -- Detecting C compiler ABI info
[1.694s] -- Detecting C compiler ABI info - done
[1.720s] -- Check for working C compiler: /usr/bin/cc - skipped
[1.724s] -- Detecting C compile features
[1.726s] -- Detecting C compile features - done
[1.750s] -- Detecting CXX compiler ABI info
[2.179s] -- Detecting CXX compiler ABI info - done
[2.204s] -- Check for working CXX compiler: /usr/bin/c++ - skipped
[2.205s] -- Detecting CXX compile features
[2.206s] -- Detecting CXX compile features - done
[2.250s] -- Found ament_cmake: 1.3.10 (/opt/ros/humble/share/ament_cmake/cmake)
[3.089s] -- Found Python3: /usr/bin/python3 (found version "3.10.12") found components: Interpreter 
[3.486s] -- Override CMake install command with custom implementation using symlinks instead of copying resources
[3.816s] -- Found std_msgs: 4.2.4 (/opt/ros/humble/share/std_msgs/cmake)
[4.135s] -- Found rosidl_generator_c: 3.1.5 (/opt/ros/humble/share/rosidl_generator_c/cmake)
[4.186s] -- Found rosidl_adapter: 3.1.5 (/opt/ros/humble/share/rosidl_adapter/cmake)
[4.249s] -- Found rosidl_generator_cpp: 3.1.5 (/opt/ros/humble/share/rosidl_generator_cpp/cmake)
[4.336s] -- Using all available rosidl_typesupport_c: rosidl_typesupport_fastrtps_c;rosidl_typesupport_introspection_c
[4.447s] -- Using all available rosidl_typesupport_cpp: rosidl_typesupport_fastrtps_cpp;rosidl_typesupport_introspection_cpp
[4.612s] -- Found rosidl_default_generators: 1.2.0 (/opt/ros/humble/share/rosidl_default_generators/cmake)
[6.116s] -- Found ament_cmake_ros: 0.10.0 (/opt/ros/humble/share/ament_cmake_ros/cmake)
[8.032s] -- Using all available rosidl_typesupport_c: rosidl_typesupport_fastrtps_c;rosidl_typesupport_introspection_c
[8.716s] -- Using all available rosidl_typesupport_cpp: rosidl_typesupport_fastrtps_cpp;rosidl_typesupport_introspection_cpp
[8.831s] -- Found PythonInterp: /usr/bin/python3 (found suitable version "3.10.12", minimum required is "3.6") 
[8.851s] -- Found python_cmake_module: 0.10.0 (/opt/ros/humble/share/python_cmake_module/cmake)
[8.981s] -- Found PythonLibs: /usr/lib/aarch64-linux-gnu/libpython3.10.so (found suitable version "3.10.12", minimum required is "3.5") 
[8.981s] -- Using PYTHON_EXECUTABLE: /usr/bin/python3
[8.982s] -- Using PYTHON_INCLUDE_DIRS: /usr/include/python3.10
[8.982s] -- Using PYTHON_LIBRARIES: /usr/lib/aarch64-linux-gnu/libpython3.10.so
[9.093s] -- Found PythonExtra: .so  
[9.383s] -- Configuring done
[9.579s] -- Generating done
[9.593s] -- Build files have been written to: /home/wompus/VESC_ROS2/build/vesc_interfaces
[9.616s] Invoked command in '/home/wompus/VESC_ROS2/build/vesc_interfaces' returned '0': CMAKE_PREFIX_PATH=${CMAKE_PREFIX_PATH}:/home/wompus/VESC_ROS2/install/differential_drive:/opt/ros/humble /usr/bin/cmake /home/wompus/VESC_ROS2/src/vesc_interfaces -DAMENT_CMAKE_SYMLINK_INSTALL=1 -DCMAKE_INSTALL_PREFIX=/home/wompus/VESC_ROS2/install/vesc_interfaces
[9.628s] Invoking command in '/home/wompus/VESC_ROS2/build/vesc_interfaces': CMAKE_PREFIX_PATH=${CMAKE_PREFIX_PATH}:/home/wompus/VESC_ROS2/install/differential_drive:/opt/ros/humble /usr/bin/cmake --build /home/wompus/VESC_ROS2/build/vesc_interfaces -- -j4 -l4
[9.816s] [  2%] [34m[1mGenerating C code for ROS interfaces[0m
[9.862s] [  5%] [34m[1mGenerating C++ code for ROS interfaces[0m
[9.927s] [  5%] Built target ament_cmake_python_symlink_vesc_interfaces
[11.540s] running egg_info
[11.544s] creating vesc_interfaces.egg-info
[11.545s] writing vesc_interfaces.egg-info/PKG-INFO
[11.547s] writing dependency_links to vesc_interfaces.egg-info/dependency_links.txt
[11.548s] writing top-level names to vesc_interfaces.egg-info/top_level.txt
[11.549s] writing manifest file 'vesc_interfaces.egg-info/SOURCES.txt'
[11.559s] reading manifest file 'vesc_interfaces.egg-info/SOURCES.txt'
[11.564s] writing manifest file 'vesc_interfaces.egg-info/SOURCES.txt'
[11.758s] [  5%] Built target ament_cmake_python_build_vesc_interfaces_egg
[12.574s] [  5%] Built target vesc_interfaces__cpp
[12.627s] [  7%] [34m[1mGenerating C++ type support dispatch for ROS interfaces[0m
[12.630s] [ 10%] [34m[1mGenerating C++ type support for eProsima Fast-RTPS[0m
[12.635s] [ 12%] [34m[1mGenerating C++ introspection for ROS interfaces[0m
[12.656s] [ 15%] [32mBuilding C object CMakeFiles/vesc_interfaces__rosidl_generator_c.dir/rosidl_generator_c/vesc_interfaces/msg/detail/vesc_state__functions.c.o[0m
[13.022s] [ 17%] [32mBuilding C object CMakeFiles/vesc_interfaces__rosidl_generator_c.dir/rosidl_generator_c/vesc_interfaces/msg/detail/vesc_state_stamped__functions.c.o[0m
[13.344s] [ 20%] [32m[1mLinking C shared library libvesc_interfaces__rosidl_generator_c.so[0m
[13.608s] [ 20%] Built target vesc_interfaces__rosidl_generator_c
[13.679s] [ 23%] [34m[1mGenerating C type support for eProsima Fast-RTPS[0m
[15.537s] [ 25%] [32mBuilding CXX object CMakeFiles/vesc_interfaces__rosidl_typesupport_cpp.dir/rosidl_typesupport_cpp/vesc_interfaces/msg/vesc_state__type_support.cpp.o[0m
[15.824s] [ 28%] [32mBuilding CXX object CMakeFiles/vesc_interfaces__rosidl_typesupport_introspection_cpp.dir/rosidl_typesupport_introspection_cpp/vesc_interfaces/msg/detail/vesc_state__type_support.cpp.o[0m
[16.023s] [ 30%] [32mBuilding CXX object CMakeFiles/vesc_interfaces__rosidl_typesupport_fastrtps_cpp.dir/rosidl_typesupport_fastrtps_cpp/vesc_interfaces/msg/detail/dds_fastrtps/vesc_state__type_support.cpp.o[0m
[16.831s] [ 33%] [32mBuilding CXX object CMakeFiles/vesc_interfaces__rosidl_typesupport_fastrtps_c.dir/rosidl_typesupport_fastrtps_c/vesc_interfaces/msg/detail/vesc_state__type_support_c.cpp.o[0m
[18.059s] [ 35%] [32mBuilding CXX object CMakeFiles/vesc_interfaces__rosidl_typesupport_cpp.dir/rosidl_typesupport_cpp/vesc_interfaces/msg/vesc_state_stamped__type_support.cpp.o[0m
[18.839s] [ 38%] [32mBuilding CXX object CMakeFiles/vesc_interfaces__rosidl_typesupport_introspection_cpp.dir/rosidl_typesupport_introspection_cpp/vesc_interfaces/msg/detail/vesc_state_stamped__type_support.cpp.o[0m
[19.327s] [ 41%] [32mBuilding CXX object CMakeFiles/vesc_interfaces__rosidl_typesupport_fastrtps_cpp.dir/rosidl_typesupport_fastrtps_cpp/vesc_interfaces/msg/detail/dds_fastrtps/vesc_state_stamped__type_support.cpp.o[0m
[19.713s] [ 43%] [32mBuilding CXX object CMakeFiles/vesc_interfaces__rosidl_typesupport_fastrtps_c.dir/rosidl_typesupport_fastrtps_c/vesc_interfaces/msg/detail/vesc_state_stamped__type_support_c.cpp.o[0m
[20.226s] [ 46%] [32m[1mLinking CXX shared library libvesc_interfaces__rosidl_typesupport_cpp.so[0m
[20.538s] [ 46%] Built target vesc_interfaces__rosidl_typesupport_cpp
[20.635s] [ 48%] [34m[1mGenerating C introspection for ROS interfaces[0m
[21.742s] [ 51%] [32m[1mLinking CXX shared library libvesc_interfaces__rosidl_typesupport_introspection_cpp.so[0m
[22.228s] [ 53%] [32m[1mLinking CXX shared library libvesc_interfaces__rosidl_typesupport_fastrtps_c.so[0m
[22.246s] [ 53%] Built target vesc_interfaces__rosidl_typesupport_introspection_cpp
[22.309s] [ 56%] [34m[1mGenerating C type support dispatch for ROS interfaces[0m
[22.340s] [ 58%] [32m[1mLinking CXX shared library libvesc_interfaces__rosidl_typesupport_fastrtps_cpp.so[0m
[22.734s] [ 58%] Built target vesc_interfaces__rosidl_typesupport_fastrtps_c
[22.873s] [ 58%] Built target vesc_interfaces__rosidl_typesupport_fastrtps_cpp
[23.536s] [ 64%] [32mBuilding C object CMakeFiles/vesc_interfaces__rosidl_typesupport_introspection_c.dir/rosidl_typesupport_introspection_c/vesc_interfaces/msg/detail/vesc_state__type_support.c.o[0m
[23.537s] [ 64%] [32mBuilding C object CMakeFiles/vesc_interfaces__rosidl_typesupport_introspection_c.dir/rosidl_typesupport_introspection_c/vesc_interfaces/msg/detail/vesc_state_stamped__type_support.c.o[0m
[23.762s] [ 66%] [32m[1mLinking C shared library libvesc_interfaces__rosidl_typesupport_introspection_c.so[0m
[23.910s] [ 66%] Built target vesc_interfaces__rosidl_typesupport_introspection_c
[24.573s] [ 69%] [32mBuilding CXX object CMakeFiles/vesc_interfaces__rosidl_typesupport_c.dir/rosidl_typesupport_c/vesc_interfaces/msg/vesc_state__type_support.cpp.o[0m
[24.575s] [ 71%] [32mBuilding CXX object CMakeFiles/vesc_interfaces__rosidl_typesupport_c.dir/rosidl_typesupport_c/vesc_interfaces/msg/vesc_state_stamped__type_support.cpp.o[0m
[24.738s] [ 74%] [32m[1mLinking CXX shared library libvesc_interfaces__rosidl_typesupport_c.so[0m
[24.923s] [ 74%] Built target vesc_interfaces__rosidl_typesupport_c
[25.013s] [ 74%] Built target vesc_interfaces
[25.108s] [ 76%] [34m[1mGenerating Python code for ROS interfaces[0m
[28.516s] [ 76%] Built target vesc_interfaces__py
[28.613s] [ 79%] [32mBuilding C object CMakeFiles/vesc_interfaces__rosidl_generator_py.dir/rosidl_generator_py/vesc_interfaces/msg/_vesc_state_s.c.o[0m
[28.615s] [ 82%] [32mBuilding C object CMakeFiles/vesc_interfaces__rosidl_generator_py.dir/rosidl_generator_py/vesc_interfaces/msg/_vesc_state_stamped_s.c.o[0m
[29.387s] [ 84%] [32m[1mLinking C shared library rosidl_generator_py/vesc_interfaces/libvesc_interfaces__rosidl_generator_py.so[0m
[29.606s] [ 84%] Built target vesc_interfaces__rosidl_generator_py
[29.708s] [ 87%] [32mBuilding C object CMakeFiles/vesc_interfaces__rosidl_typesupport_fastrtps_c__pyext.dir/rosidl_generator_py/vesc_interfaces/_vesc_interfaces_s.ep.rosidl_typesupport_fastrtps_c.c.o[0m
[29.713s] [ 89%] [32mBuilding C object CMakeFiles/vesc_interfaces__rosidl_typesupport_introspection_c__pyext.dir/rosidl_generator_py/vesc_interfaces/_vesc_interfaces_s.ep.rosidl_typesupport_introspection_c.c.o[0m
[29.715s] [ 92%] [32mBuilding C object CMakeFiles/vesc_interfaces__rosidl_typesupport_c__pyext.dir/rosidl_generator_py/vesc_interfaces/_vesc_interfaces_s.ep.rosidl_typesupport_c.c.o[0m
[30.298s] [ 94%] [32m[1mLinking C shared library rosidl_generator_py/vesc_interfaces/vesc_interfaces_s__rosidl_typesupport_fastrtps_c.cpython-310-aarch64-linux-gnu.so[0m
[30.305s] [ 97%] [32m[1mLinking C shared library rosidl_generator_py/vesc_interfaces/vesc_interfaces_s__rosidl_typesupport_c.cpython-310-aarch64-linux-gnu.so[0m
[30.334s] [100%] [32m[1mLinking C shared library rosidl_generator_py/vesc_interfaces/vesc_interfaces_s__rosidl_typesupport_introspection_c.cpython-310-aarch64-linux-gnu.so[0m
[30.568s] [100%] Built target vesc_interfaces__rosidl_typesupport_fastrtps_c__pyext
[30.576s] [100%] Built target vesc_interfaces__rosidl_typesupport_c__pyext
[30.615s] [100%] Built target vesc_interfaces__rosidl_typesupport_introspection_c__pyext
[30.663s] Invoked command in '/home/wompus/VESC_ROS2/build/vesc_interfaces' returned '0': CMAKE_PREFIX_PATH=${CMAKE_PREFIX_PATH}:/home/wompus/VESC_ROS2/install/differential_drive:/opt/ros/humble /usr/bin/cmake --build /home/wompus/VESC_ROS2/build/vesc_interfaces -- -j4 -l4
[31.210s] Invoking command in '/home/wompus/VESC_ROS2/build/vesc_interfaces': CMAKE_PREFIX_PATH=${CMAKE_PREFIX_PATH}:/home/wompus/VESC_ROS2/install/differential_drive:/opt/ros/humble /usr/bin/cmake --install /home/wompus/VESC_ROS2/build/vesc_interfaces
[31.240s] -- Install configuration: ""
[31.242s] -- Execute custom install script
[31.243s] -- Symlinking: /home/wompus/VESC_ROS2/install/vesc_interfaces/share/ament_index/resource_index/rosidl_interfaces/vesc_interfaces
[31.283s] -- Symlinking: /home/wompus/VESC_ROS2/install/vesc_interfaces/include/vesc_interfaces/vesc_interfaces/msg/detail/vesc_state__functions.h
[31.317s] -- Symlinking: /home/wompus/VESC_ROS2/install/vesc_interfaces/include/vesc_interfaces/vesc_interfaces/msg/detail/vesc_state__struct.h
[31.352s] -- Symlinking: /home/wompus/VESC_ROS2/install/vesc_interfaces/include/vesc_interfaces/vesc_interfaces/msg/detail/vesc_state__type_support.h
[31.386s] -- Symlinking: /home/wompus/VESC_ROS2/install/vesc_interfaces/include/vesc_interfaces/vesc_interfaces/msg/detail/vesc_state_stamped__functions.h
[31.421s] -- Symlinking: /home/wompus/VESC_ROS2/install/vesc_interfaces/include/vesc_interfaces/vesc_interfaces/msg/detail/vesc_state_stamped__struct.h
[31.457s] -- Symlinking: /home/wompus/VESC_ROS2/install/vesc_interfaces/include/vesc_interfaces/vesc_interfaces/msg/detail/vesc_state_stamped__type_support.h
[31.493s] -- Symlinking: /home/wompus/VESC_ROS2/install/vesc_interfaces/include/vesc_interfaces/vesc_interfaces/msg/rosidl_generator_c__visibility_control.h
[31.526s] -- Symlinking: /home/wompus/VESC_ROS2/install/vesc_interfaces/include/vesc_interfaces/vesc_interfaces/msg/vesc_state.h
[31.563s] -- Symlinking: /home/wompus/VESC_ROS2/install/vesc_interfaces/include/vesc_interfaces/vesc_interfaces/msg/vesc_state_stamped.h
[31.597s] -- Symlinking: /home/wompus/VESC_ROS2/install/vesc_interfaces/share/vesc_interfaces/environment/library_path.sh
[31.632s] -- Symlinking: /home/wompus/VESC_ROS2/install/vesc_interfaces/share/vesc_interfaces/environment/library_path.dsv
[31.671s] -- Symlinking: /home/wompus/VESC_ROS2/install/vesc_interfaces/include/vesc_interfaces/vesc_interfaces/msg/detail/vesc_state__rosidl_typesupport_fastrtps_c.h
[31.706s] -- Symlinking: /home/wompus/VESC_ROS2/install/vesc_interfaces/include/vesc_interfaces/vesc_interfaces/msg/detail/vesc_state_stamped__rosidl_typesupport_fastrtps_c.h
[31.738s] -- Symlinking: /home/wompus/VESC_ROS2/install/vesc_interfaces/include/vesc_interfaces/vesc_interfaces/msg/rosidl_typesupport_fastrtps_c__visibility_control.h
[31.778s] -- Symlinking: /home/wompus/VESC_ROS2/install/vesc_interfaces/include/vesc_interfaces/vesc_interfaces/msg/detail/vesc_state__builder.hpp
[31.812s] -- Symlinking: /home/wompus/VESC_ROS2/install/vesc_interfaces/include/vesc_interfaces/vesc_interfaces/msg/detail/vesc_state__struct.hpp
[31.845s] -- Symlinking: /home/wompus/VESC_ROS2/install/vesc_interfaces/include/vesc_interfaces/vesc_interfaces/msg/detail/vesc_state__traits.hpp
[31.882s] -- Symlinking: /home/wompus/VESC_ROS2/install/vesc_interfaces/include/vesc_interfaces/vesc_interfaces/msg/detail/vesc_state_stamped__builder.hpp
[31.915s] -- Symlinking: /home/wompus/VESC_ROS2/install/vesc_interfaces/include/vesc_interfaces/vesc_interfaces/msg/detail/vesc_state_stamped__struct.hpp
[31.948s] -- Symlinking: /home/wompus/VESC_ROS2/install/vesc_interfaces/include/vesc_interfaces/vesc_interfaces/msg/detail/vesc_state_stamped__traits.hpp
[31.983s] -- Symlinking: /home/wompus/VESC_ROS2/install/vesc_interfaces/include/vesc_interfaces/vesc_interfaces/msg/vesc_state.hpp
[32.017s] -- Symlinking: /home/wompus/VESC_ROS2/install/vesc_interfaces/include/vesc_interfaces/vesc_interfaces/msg/vesc_state_stamped.hpp
[32.053s] -- Symlinking: /home/wompus/VESC_ROS2/install/vesc_interfaces/include/vesc_interfaces/vesc_interfaces/msg/detail/vesc_state__rosidl_typesupport_fastrtps_cpp.hpp
[32.088s] -- Symlinking: /home/wompus/VESC_ROS2/install/vesc_interfaces/include/vesc_interfaces/vesc_interfaces/msg/detail/vesc_state_stamped__rosidl_typesupport_fastrtps_cpp.hpp
[32.122s] -- Symlinking: /home/wompus/VESC_ROS2/install/vesc_interfaces/include/vesc_interfaces/vesc_interfaces/msg/rosidl_typesupport_fastrtps_cpp__visibility_control.h
[32.159s] -- Symlinking: /home/wompus/VESC_ROS2/install/vesc_interfaces/include/vesc_interfaces/vesc_interfaces/msg/detail/vesc_state__rosidl_typesupport_introspection_c.h
[32.193s] -- Symlinking: /home/wompus/VESC_ROS2/install/vesc_interfaces/include/vesc_interfaces/vesc_interfaces/msg/detail/vesc_state_stamped__rosidl_typesupport_introspection_c.h
[32.226s] -- Symlinking: /home/wompus/VESC_ROS2/install/vesc_interfaces/include/vesc_interfaces/vesc_interfaces/msg/rosidl_typesupport_introspection_c__visibility_control.h
[32.262s] -- Symlinking: /home/wompus/VESC_ROS2/install/vesc_interfaces/include/vesc_interfaces/vesc_interfaces/msg/detail/vesc_state__rosidl_typesupport_introspection_cpp.hpp
[32.298s] -- Symlinking: /home/wompus/VESC_ROS2/install/vesc_interfaces/include/vesc_interfaces/vesc_interfaces/msg/detail/vesc_state_stamped__rosidl_typesupport_introspection_cpp.hpp
[32.330s] -- Symlinking: /home/wompus/VESC_ROS2/install/vesc_interfaces/share/vesc_interfaces/environment/pythonpath.sh
[32.366s] -- Symlinking: /home/wompus/VESC_ROS2/install/vesc_interfaces/share/vesc_interfaces/environment/pythonpath.dsv
[32.404s] -- Symlinking: /home/wompus/VESC_ROS2/install/vesc_interfaces/local/lib/python3.10/dist-packages/vesc_interfaces-0.0.1-py3.10.egg-info/PKG-INFO
[32.438s] -- Symlinking: /home/wompus/VESC_ROS2/install/vesc_interfaces/local/lib/python3.10/dist-packages/vesc_interfaces-0.0.1-py3.10.egg-info/SOURCES.txt
[32.474s] -- Symlinking: /home/wompus/VESC_ROS2/install/vesc_interfaces/local/lib/python3.10/dist-packages/vesc_interfaces-0.0.1-py3.10.egg-info/dependency_links.txt
[32.506s] -- Symlinking: /home/wompus/VESC_ROS2/install/vesc_interfaces/local/lib/python3.10/dist-packages/vesc_interfaces-0.0.1-py3.10.egg-info/top_level.txt
[32.544s] -- Symlinking: /home/wompus/VESC_ROS2/install/vesc_interfaces/local/lib/python3.10/dist-packages/vesc_interfaces/__init__.py
[32.580s] -- Symlinking: /home/wompus/VESC_ROS2/install/vesc_interfaces/local/lib/python3.10/dist-packages/vesc_interfaces/_vesc_interfaces_s.ep.rosidl_typesupport_c.c
[32.614s] -- Symlinking: /home/wompus/VESC_ROS2/install/vesc_interfaces/local/lib/python3.10/dist-packages/vesc_interfaces/_vesc_interfaces_s.ep.rosidl_typesupport_fastrtps_c.c
[32.646s] -- Symlinking: /home/wompus/VESC_ROS2/install/vesc_interfaces/local/lib/python3.10/dist-packages/vesc_interfaces/_vesc_interfaces_s.ep.rosidl_typesupport_introspection_c.c
[32.683s] -- Symlinking: /home/wompus/VESC_ROS2/install/vesc_interfaces/local/lib/python3.10/dist-packages/vesc_interfaces/libvesc_interfaces__rosidl_generator_py.so
[32.719s] -- Symlinking: /home/wompus/VESC_ROS2/install/vesc_interfaces/local/lib/python3.10/dist-packages/vesc_interfaces/msg/__init__.py
[32.754s] -- Symlinking: /home/wompus/VESC_ROS2/install/vesc_interfaces/local/lib/python3.10/dist-packages/vesc_interfaces/msg/_vesc_state.py
[32.791s] -- Symlinking: /home/wompus/VESC_ROS2/install/vesc_interfaces/local/lib/python3.10/dist-packages/vesc_interfaces/msg/_vesc_state_s.c
[32.825s] -- Symlinking: /home/wompus/VESC_ROS2/install/vesc_interfaces/local/lib/python3.10/dist-packages/vesc_interfaces/msg/_vesc_state_stamped.py
[32.863s] -- Symlinking: /home/wompus/VESC_ROS2/install/vesc_interfaces/local/lib/python3.10/dist-packages/vesc_interfaces/msg/_vesc_state_stamped_s.c
[32.896s] -- Symlinking: /home/wompus/VESC_ROS2/install/vesc_interfaces/local/lib/python3.10/dist-packages/vesc_interfaces/vesc_interfaces_s__rosidl_typesupport_c.cpython-310-aarch64-linux-gnu.so
[32.930s] -- Symlinking: /home/wompus/VESC_ROS2/install/vesc_interfaces/local/lib/python3.10/dist-packages/vesc_interfaces/vesc_interfaces_s__rosidl_typesupport_fastrtps_c.cpython-310-aarch64-linux-gnu.so
[32.965s] -- Symlinking: /home/wompus/VESC_ROS2/install/vesc_interfaces/local/lib/python3.10/dist-packages/vesc_interfaces/vesc_interfaces_s__rosidl_typesupport_introspection_c.cpython-310-aarch64-linux-gnu.so
[33.000s] -- Up-to-date symlink: /home/wompus/VESC_ROS2/install/vesc_interfaces/local/lib/python3.10/dist-packages/vesc_interfaces/vesc_interfaces_s__rosidl_typesupport_fastrtps_c.cpython-310-aarch64-linux-gnu.so
[33.002s] -- Up-to-date symlink: /home/wompus/VESC_ROS2/install/vesc_interfaces/local/lib/python3.10/dist-packages/vesc_interfaces/vesc_interfaces_s__rosidl_typesupport_introspection_c.cpython-310-aarch64-linux-gnu.so
[33.003s] -- Up-to-date symlink: /home/wompus/VESC_ROS2/install/vesc_interfaces/local/lib/python3.10/dist-packages/vesc_interfaces/vesc_interfaces_s__rosidl_typesupport_c.cpython-310-aarch64-linux-gnu.so
[33.005s] -- Symlinking: /home/wompus/VESC_ROS2/install/vesc_interfaces/share/vesc_interfaces/msg/VescState.idl
[33.041s] -- Symlinking: /home/wompus/VESC_ROS2/install/vesc_interfaces/share/vesc_interfaces/msg/VescStateStamped.idl
[33.079s] -- Symlinking: /home/wompus/VESC_ROS2/install/vesc_interfaces/share/vesc_interfaces/msg/VescState.msg
[33.112s] -- Symlinking: /home/wompus/VESC_ROS2/install/vesc_interfaces/share/vesc_interfaces/msg/VescStateStamped.msg
[33.146s] -- Symlinking: /home/wompus/VESC_ROS2/install/vesc_interfaces/share/ament_index/resource_index/package_run_dependencies/vesc_interfaces
[33.183s] -- Symlinking: /home/wompus/VESC_ROS2/install/vesc_interfaces/share/ament_index/resource_index/parent_prefix_path/vesc_interfaces
[33.216s] -- Symlinking: /home/wompus/VESC_ROS2/install/vesc_interfaces/share/vesc_interfaces/environment/ament_prefix_path.sh
[33.249s] -- Symlinking: /home/wompus/VESC_ROS2/install/vesc_interfaces/share/vesc_interfaces/environment/ament_prefix_path.dsv
[33.286s] -- Symlinking: /home/wompus/VESC_ROS2/install/vesc_interfaces/share/vesc_interfaces/environment/path.sh
[33.320s] -- Symlinking: /home/wompus/VESC_ROS2/install/vesc_interfaces/share/vesc_interfaces/environment/path.dsv
[33.353s] -- Symlinking: /home/wompus/VESC_ROS2/install/vesc_interfaces/share/vesc_interfaces/local_setup.bash
[33.389s] -- Symlinking: /home/wompus/VESC_ROS2/install/vesc_interfaces/share/vesc_interfaces/local_setup.sh
[33.422s] -- Symlinking: /home/wompus/VESC_ROS2/install/vesc_interfaces/share/vesc_interfaces/local_setup.zsh
[33.457s] -- Symlinking: /home/wompus/VESC_ROS2/install/vesc_interfaces/share/vesc_interfaces/local_setup.dsv
[33.492s] -- Symlinking: /home/wompus/VESC_ROS2/install/vesc_interfaces/share/vesc_interfaces/package.dsv
[33.527s] -- Symlinking: /home/wompus/VESC_ROS2/install/vesc_interfaces/share/ament_index/resource_index/packages/vesc_interfaces
[33.563s] -- Symlinking: /home/wompus/VESC_ROS2/install/vesc_interfaces/share/vesc_interfaces/cmake/rosidl_cmake-extras.cmake
[33.599s] -- Symlinking: /home/wompus/VESC_ROS2/install/vesc_interfaces/share/vesc_interfaces/cmake/ament_cmake_export_dependencies-extras.cmake
[33.634s] -- Symlinking: /home/wompus/VESC_ROS2/install/vesc_interfaces/share/vesc_interfaces/cmake/ament_cmake_export_include_directories-extras.cmake
[33.669s] -- Symlinking: /home/wompus/VESC_ROS2/install/vesc_interfaces/share/vesc_interfaces/cmake/ament_cmake_export_libraries-extras.cmake
[33.705s] -- Symlinking: /home/wompus/VESC_ROS2/install/vesc_interfaces/share/vesc_interfaces/cmake/ament_cmake_export_targets-extras.cmake
[33.738s] -- Symlinking: /home/wompus/VESC_ROS2/install/vesc_interfaces/share/vesc_interfaces/cmake/rosidl_cmake_export_typesupport_targets-extras.cmake
[33.774s] -- Symlinking: /home/wompus/VESC_ROS2/install/vesc_interfaces/share/vesc_interfaces/cmake/rosidl_cmake_export_typesupport_libraries-extras.cmake
[33.807s] -- Symlinking: /home/wompus/VESC_ROS2/install/vesc_interfaces/share/vesc_interfaces/cmake/vesc_interfacesConfig.cmake
[33.841s] -- Symlinking: /home/wompus/VESC_ROS2/install/vesc_interfaces/share/vesc_interfaces/cmake/vesc_interfacesConfig-version.cmake
[33.878s] -- Symlinking: /home/wompus/VESC_ROS2/install/vesc_interfaces/share/vesc_interfaces/package.xml
[33.912s] -- Installing: /home/wompus/VESC_ROS2/install/vesc_interfaces/lib/libvesc_interfaces__rosidl_generator_c.so
[33.915s] -- Set runtime path of "/home/wompus/VESC_ROS2/install/vesc_interfaces/lib/libvesc_interfaces__rosidl_generator_c.so" to ""
[33.915s] -- Installing: /home/wompus/VESC_ROS2/install/vesc_interfaces/lib/libvesc_interfaces__rosidl_typesupport_fastrtps_c.so
[33.918s] -- Set runtime path of "/home/wompus/VESC_ROS2/install/vesc_interfaces/lib/libvesc_interfaces__rosidl_typesupport_fastrtps_c.so" to ""
[33.919s] -- Installing: /home/wompus/VESC_ROS2/install/vesc_interfaces/lib/libvesc_interfaces__rosidl_typesupport_fastrtps_cpp.so
[33.922s] -- Set runtime path of "/home/wompus/VESC_ROS2/install/vesc_interfaces/lib/libvesc_interfaces__rosidl_typesupport_fastrtps_cpp.so" to ""
[33.923s] -- Installing: /home/wompus/VESC_ROS2/install/vesc_interfaces/lib/libvesc_interfaces__rosidl_typesupport_introspection_c.so
[33.926s] -- Set runtime path of "/home/wompus/VESC_ROS2/install/vesc_interfaces/lib/libvesc_interfaces__rosidl_typesupport_introspection_c.so" to ""
[33.927s] -- Installing: /home/wompus/VESC_ROS2/install/vesc_interfaces/lib/libvesc_interfaces__rosidl_typesupport_c.so
[33.930s] -- Set runtime path of "/home/wompus/VESC_ROS2/install/vesc_interfaces/lib/libvesc_interfaces__rosidl_typesupport_c.so" to ""
[33.930s] -- Installing: /home/wompus/VESC_ROS2/install/vesc_interfaces/lib/libvesc_interfaces__rosidl_typesupport_introspection_cpp.so
[33.934s] -- Set runtime path of "/home/wompus/VESC_ROS2/install/vesc_interfaces/lib/libvesc_interfaces__rosidl_typesupport_introspection_cpp.so" to ""
[33.934s] -- Installing: /home/wompus/VESC_ROS2/install/vesc_interfaces/lib/libvesc_interfaces__rosidl_typesupport_cpp.so
[33.937s] -- Set runtime path of "/home/wompus/VESC_ROS2/install/vesc_interfaces/lib/libvesc_interfaces__rosidl_typesupport_cpp.so" to ""
[34.130s] Listing '/home/wompus/VESC_ROS2/install/vesc_interfaces/local/lib/python3.10/dist-packages/vesc_interfaces'...
[34.131s] Compiling '/home/wompus/VESC_ROS2/install/vesc_interfaces/local/lib/python3.10/dist-packages/vesc_interfaces/__init__.py'...
[34.132s] Listing '/home/wompus/VESC_ROS2/install/vesc_interfaces/local/lib/python3.10/dist-packages/vesc_interfaces/msg'...
[34.133s] Compiling '/home/wompus/VESC_ROS2/install/vesc_interfaces/local/lib/python3.10/dist-packages/vesc_interfaces/msg/__init__.py'...
[34.134s] Compiling '/home/wompus/VESC_ROS2/install/vesc_interfaces/local/lib/python3.10/dist-packages/vesc_interfaces/msg/_vesc_state.py'...
[34.135s] Compiling '/home/wompus/VESC_ROS2/install/vesc_interfaces/local/lib/python3.10/dist-packages/vesc_interfaces/msg/_vesc_state_stamped.py'...
[34.156s] -- Installing: /home/wompus/VESC_ROS2/install/vesc_interfaces/lib/libvesc_interfaces__rosidl_generator_py.so
[34.159s] -- Set runtime path of "/home/wompus/VESC_ROS2/install/vesc_interfaces/lib/libvesc_interfaces__rosidl_generator_py.so" to ""
[34.160s] -- Installing: /home/wompus/VESC_ROS2/install/vesc_interfaces/share/vesc_interfaces/cmake/export_vesc_interfaces__rosidl_generator_cExport.cmake
[34.161s] -- Installing: /home/wompus/VESC_ROS2/install/vesc_interfaces/share/vesc_interfaces/cmake/export_vesc_interfaces__rosidl_generator_cExport-noconfig.cmake
[34.163s] -- Installing: /home/wompus/VESC_ROS2/install/vesc_interfaces/share/vesc_interfaces/cmake/export_vesc_interfaces__rosidl_typesupport_fastrtps_cExport.cmake
[34.166s] -- Installing: /home/wompus/VESC_ROS2/install/vesc_interfaces/share/vesc_interfaces/cmake/export_vesc_interfaces__rosidl_typesupport_fastrtps_cExport-noconfig.cmake
[34.167s] -- Installing: /home/wompus/VESC_ROS2/install/vesc_interfaces/share/vesc_interfaces/cmake/export_vesc_interfaces__rosidl_generator_cppExport.cmake
[34.169s] -- Installing: /home/wompus/VESC_ROS2/install/vesc_interfaces/share/vesc_interfaces/cmake/export_vesc_interfaces__rosidl_typesupport_fastrtps_cppExport.cmake
[34.171s] -- Installing: /home/wompus/VESC_ROS2/install/vesc_interfaces/share/vesc_interfaces/cmake/export_vesc_interfaces__rosidl_typesupport_fastrtps_cppExport-noconfig.cmake
[34.174s] -- Installing: /home/wompus/VESC_ROS2/install/vesc_interfaces/share/vesc_interfaces/cmake/vesc_interfaces__rosidl_typesupport_introspection_cExport.cmake
[34.175s] -- Installing: /home/wompus/VESC_ROS2/install/vesc_interfaces/share/vesc_interfaces/cmake/vesc_interfaces__rosidl_typesupport_introspection_cExport-noconfig.cmake
[34.177s] -- Installing: /home/wompus/VESC_ROS2/install/vesc_interfaces/share/vesc_interfaces/cmake/vesc_interfaces__rosidl_typesupport_cExport.cmake
[34.178s] -- Installing: /home/wompus/VESC_ROS2/install/vesc_interfaces/share/vesc_interfaces/cmake/vesc_interfaces__rosidl_typesupport_cExport-noconfig.cmake
[34.180s] -- Installing: /home/wompus/VESC_ROS2/install/vesc_interfaces/share/vesc_interfaces/cmake/vesc_interfaces__rosidl_typesupport_introspection_cppExport.cmake
[34.181s] -- Installing: /home/wompus/VESC_ROS2/install/vesc_interfaces/share/vesc_interfaces/cmake/vesc_interfaces__rosidl_typesupport_introspection_cppExport-noconfig.cmake
[34.183s] -- Installing: /home/wompus/VESC_ROS2/install/vesc_interfaces/share/vesc_interfaces/cmake/vesc_interfaces__rosidl_typesupport_cppExport.cmake
[34.184s] -- Installing: /home/wompus/VESC_ROS2/install/vesc_interfaces/share/vesc_interfaces/cmake/vesc_interfaces__rosidl_typesupport_cppExport-noconfig.cmake
[34.186s] -- Installing: /home/wompus/VESC_ROS2/install/vesc_interfaces/share/vesc_interfaces/cmake/export_vesc_interfaces__rosidl_generator_pyExport.cmake
[34.188s] -- Installing: /home/wompus/VESC_ROS2/install/vesc_interfaces/share/vesc_interfaces/cmake/export_vesc_interfaces__rosidl_generator_pyExport-noconfig.cmake
[34.197s] Invoked command in '/home/wompus/VESC_ROS2/build/vesc_interfaces' returned '0': CMAKE_PREFIX_PATH=${CMAKE_PREFIX_PATH}:/home/wompus/VESC_ROS2/install/differential_drive:/opt/ros/humble /usr/bin/cmake --install /home/wompus/VESC_ROS2/build/vesc_interfaces
