-- The C compiler identification is GNU 11.4.0
-- The CXX compiler identification is GNU 11.4.0
-- Detecting C compiler ABI info
-- Detecting C compiler ABI info - done
-- Check for working C compiler: /usr/bin/cc - skipped
-- Detecting C compile features
-- Detecting C compile features - done
-- Detecting CXX compiler ABI info
-- Detecting CXX compiler ABI info - done
-- Check for working CXX compiler: /usr/bin/c++ - skipped
-- Detecting CXX compile features
-- Detecting CXX compile features - done
-- Found ament_cmake_auto: 1.3.10 (/opt/ros/humble/share/ament_cmake_auto/cmake)
-- Found Python3: /usr/bin/python3 (found version "3.10.12") found components: Interpreter 
-- Override CMake install command with custom implementation using symlinks instead of copying resources
-- Found rosidl_generator_c: 3.1.5 (/opt/ros/humble/share/rosidl_generator_c/cmake)
-- Found rosidl_adapter: 3.1.5 (/opt/ros/humble/share/rosidl_adapter/cmake)
-- Found rosidl_generator_cpp: 3.1.5 (/opt/ros/humble/share/rosidl_generator_cpp/cmake)
-- Using all available rosidl_typesupport_c: rosidl_typesupport_fastrtps_c;rosidl_typesupport_introspection_c
-- Using all available rosidl_typesupport_cpp: rosidl_typesupport_fastrtps_cpp;rosidl_typesupport_introspection_cpp
-- Found rmw_implementation_cmake: 6.1.2 (/opt/ros/humble/share/rmw_implementation_cmake/cmake)
-- Found rmw_fastrtps_cpp: 6.2.7 (/opt/ros/humble/share/rmw_fastrtps_cpp/cmake)
-- Found OpenSSL: /usr/lib/aarch64-linux-gnu/libcrypto.so (found version "3.0.2")  
-- Found FastRTPS: /opt/ros/humble/include  
-- Using RMW implementation 'rmw_fastrtps_cpp' as default
-- Looking for pthread.h
-- Looking for pthread.h - found
-- Performing Test CMAKE_HAVE_LIBC_PTHREAD
-- Performing Test CMAKE_HAVE_LIBC_PTHREAD - Success
-- Found Threads: TRUE  
-- Found asio_cmake_module: 1.2.0 (/opt/ros/humble/share/asio_cmake_module/cmake)
-- Found ASIO: /usr/include  
-- Found ament_lint_auto: 0.12.11 (/opt/ros/humble/share/ament_lint_auto/cmake)
-- Added test 'copyright' to check source files copyright and LICENSE
-- Added test 'cppcheck' to perform static code analysis on C / C++ code
-- Configured cppcheck include dirs: /home/wompus/VESC_ROS2/src/vesc_driver/include
-- Configured cppcheck exclude dirs and/or files: 
-- Added test 'cpplint' to check C / C++ code against the Google style
-- Configured cpplint exclude dirs and/or files: 
-- Added test 'flake8' to check Python code syntax and style conventions
-- Added test 'lint_cmake' to check CMake code style
-- Added test 'pep257' to check Python code against some of the docstring style conventions in PEP 257
-- Added test 'uncrustify' to check C / C++ code style
-- Configured uncrustify additional arguments: 
-- Added test 'xmllint' to check XML markup files
-- Configuring done
-- Generating done
-- Build files have been written to: /home/wompus/VESC_ROS2/build/vesc_driver
[ 14%] [32mBuilding CXX object CMakeFiles/vesc_driver.dir/src/vesc_packet.cpp.o[0m
[ 28%] [32mBuilding CXX object CMakeFiles/vesc_driver.dir/src/vesc_driver.cpp.o[0m
[ 42%] [32mBuilding CXX object CMakeFiles/vesc_driver_node.dir/rclcpp_components/node_main_vesc_driver_node.cpp.o[0m
[ 57%] [32mBuilding CXX object CMakeFiles/vesc_driver.dir/src/vesc_interface.cpp.o[0m
[ 71%] [32mBuilding CXX object CMakeFiles/vesc_driver.dir/src/vesc_packet_factory.cpp.o[0m
[ 85%] [32m[1mLinking CXX executable vesc_driver_node[0m
[ 85%] Built target vesc_driver_node
[100%] [32m[1mLinking CXX shared library libvesc_driver.so[0m
[100%] Built target vesc_driver
-- Install configuration: ""
-- Execute custom install script
-- Symlinking: /home/wompus/VESC_ROS2/install/vesc_driver/lib/vesc_driver/vesc_driver_node
-- Symlinking: /home/wompus/VESC_ROS2/install/vesc_driver/include/vesc_driver/crc.hpp
-- Symlinking: /home/wompus/VESC_ROS2/install/vesc_driver/include/vesc_driver/datatypes.hpp
-- Symlinking: /home/wompus/VESC_ROS2/install/vesc_driver/include/vesc_driver/vesc_driver.hpp
-- Symlinking: /home/wompus/VESC_ROS2/install/vesc_driver/include/vesc_driver/vesc_interface.hpp
-- Symlinking: /home/wompus/VESC_ROS2/install/vesc_driver/include/vesc_driver/vesc_packet.hpp
-- Symlinking: /home/wompus/VESC_ROS2/install/vesc_driver/include/vesc_driver/vesc_packet_factory.hpp
-- Symlinking: /home/wompus/VESC_ROS2/install/vesc_driver/share/vesc_driver/environment/library_path.sh
-- Symlinking: /home/wompus/VESC_ROS2/install/vesc_driver/share/vesc_driver/environment/library_path.dsv
-- Symlinking: /home/wompus/VESC_ROS2/install/vesc_driver/lib/libvesc_driver.so
-- Symlinking: /home/wompus/VESC_ROS2/install/vesc_driver/share/vesc_driver/launch/vesc_driver_node.launch.py
-- Symlinking: /home/wompus/VESC_ROS2/install/vesc_driver/share/vesc_driver/config/vesc_config.yaml
-- Symlinking: /home/wompus/VESC_ROS2/install/vesc_driver/share/ament_index/resource_index/package_run_dependencies/vesc_driver
-- Symlinking: /home/wompus/VESC_ROS2/install/vesc_driver/share/ament_index/resource_index/parent_prefix_path/vesc_driver
-- Symlinking: /home/wompus/VESC_ROS2/install/vesc_driver/share/vesc_driver/environment/ament_prefix_path.sh
-- Symlinking: /home/wompus/VESC_ROS2/install/vesc_driver/share/vesc_driver/environment/ament_prefix_path.dsv
-- Symlinking: /home/wompus/VESC_ROS2/install/vesc_driver/share/vesc_driver/environment/path.sh
-- Symlinking: /home/wompus/VESC_ROS2/install/vesc_driver/share/vesc_driver/environment/path.dsv
-- Symlinking: /home/wompus/VESC_ROS2/install/vesc_driver/share/vesc_driver/local_setup.bash
-- Symlinking: /home/wompus/VESC_ROS2/install/vesc_driver/share/vesc_driver/local_setup.sh
-- Symlinking: /home/wompus/VESC_ROS2/install/vesc_driver/share/vesc_driver/local_setup.zsh
-- Symlinking: /home/wompus/VESC_ROS2/install/vesc_driver/share/vesc_driver/local_setup.dsv
-- Symlinking: /home/wompus/VESC_ROS2/install/vesc_driver/share/vesc_driver/package.dsv
-- Symlinking: /home/wompus/VESC_ROS2/install/vesc_driver/share/ament_index/resource_index/packages/vesc_driver
-- Symlinking: /home/wompus/VESC_ROS2/install/vesc_driver/share/ament_index/resource_index/rclcpp_components/vesc_driver
-- Symlinking: /home/wompus/VESC_ROS2/install/vesc_driver/share/vesc_driver/cmake/ament_cmake_export_dependencies-extras.cmake
-- Symlinking: /home/wompus/VESC_ROS2/install/vesc_driver/share/vesc_driver/cmake/ament_cmake_export_include_directories-extras.cmake
-- Symlinking: /home/wompus/VESC_ROS2/install/vesc_driver/share/vesc_driver/cmake/ament_cmake_export_libraries-extras.cmake
-- Symlinking: /home/wompus/VESC_ROS2/install/vesc_driver/share/vesc_driver/cmake/vesc_driverConfig.cmake
-- Symlinking: /home/wompus/VESC_ROS2/install/vesc_driver/share/vesc_driver/cmake/vesc_driverConfig-version.cmake
-- Symlinking: /home/wompus/VESC_ROS2/install/vesc_driver/share/vesc_driver/package.xml
