[0.056s] Invoking command in '/home/wompus/VESC_ROS2/build/vesc_driver': CMAKE_PREFIX_PATH=/home/wompus/VESC_ROS2/install/vesc_interfaces:/home/wompus/VESC_ROS2/install/vesc_driver:/home/wompus/VESC_ROS2/install/differential_drive:/opt/ros/humble LD_LIBRARY_PATH=/home/wompus/VESC_ROS2/install/vesc_interfaces/lib:/home/wompus/VESC_ROS2/install/vesc_driver/lib:/opt/ros/humble/opt/rviz_ogre_vendor/lib:/opt/ros/humble/lib/aarch64-linux-gnu:/opt/ros/humble/lib /usr/bin/cmake /home/wompus/VESC_ROS2/src/vesc_driver -DAMENT_CMAKE_SYMLINK_INSTALL=1 -DCMAKE_INSTALL_PREFIX=/home/wompus/VESC_ROS2/install/vesc_driver
[0.327s] -- The C compiler identification is GNU 11.4.0
[0.601s] -- The CXX compiler identification is GNU 11.4.0
[0.631s] -- Detecting C compiler ABI info
[0.972s] -- Detecting C compiler ABI info - done
[0.997s] -- Check for working C compiler: /usr/bin/cc - skipped
[0.998s] -- Detecting C compile features
[0.999s] -- Detecting C compile features - done
[1.013s] -- Detecting CXX compiler ABI info
[1.383s] -- Detecting CXX compiler ABI info - done
[1.412s] -- Check for working CXX compiler: /usr/bin/c++ - skipped
[1.413s] -- Detecting CXX compile features
[1.415s] -- Detecting CXX compile features - done
[1.439s] -- Found ament_cmake_auto: 1.3.10 (/opt/ros/humble/share/ament_cmake_auto/cmake)
[2.247s] -- Found Python3: /usr/bin/python3 (found version "3.10.12") found components: Interpreter 
[2.553s] -- Override CMake install command with custom implementation using symlinks instead of copying resources
[3.563s] -- Found rosidl_generator_c: 3.1.5 (/opt/ros/humble/share/rosidl_generator_c/cmake)
[3.610s] -- Found rosidl_adapter: 3.1.5 (/opt/ros/humble/share/rosidl_adapter/cmake)
[3.672s] -- Found rosidl_generator_cpp: 3.1.5 (/opt/ros/humble/share/rosidl_generator_cpp/cmake)
[3.748s] -- Using all available rosidl_typesupport_c: rosidl_typesupport_fastrtps_c;rosidl_typesupport_introspection_c
[3.855s] -- Using all available rosidl_typesupport_cpp: rosidl_typesupport_fastrtps_cpp;rosidl_typesupport_introspection_cpp
[4.248s] -- Found rmw_implementation_cmake: 6.1.2 (/opt/ros/humble/share/rmw_implementation_cmake/cmake)
[4.282s] -- Found rmw_fastrtps_cpp: 6.2.7 (/opt/ros/humble/share/rmw_fastrtps_cpp/cmake)
[5.010s] -- Found OpenSSL: /usr/lib/aarch64-linux-gnu/libcrypto.so (found version "3.0.2")  
[5.276s] -- Found FastRTPS: /opt/ros/humble/include  
[5.704s] -- Using RMW implementation 'rmw_fastrtps_cpp' as default
[5.810s] -- Looking for pthread.h
[6.173s] -- Looking for pthread.h - found
[6.174s] -- Performing Test CMAKE_HAVE_LIBC_PTHREAD
[6.539s] -- Performing Test CMAKE_HAVE_LIBC_PTHREAD - Success
[6.544s] -- Found Threads: TRUE  
[7.511s] -- Found asio_cmake_module: 1.2.0 (/opt/ros/humble/share/asio_cmake_module/cmake)
[7.519s] -- Found ASIO: /usr/include  
[7.911s] -- Found ament_lint_auto: 0.12.11 (/opt/ros/humble/share/ament_lint_auto/cmake)
[8.190s] -- Added test 'copyright' to check source files copyright and LICENSE
[8.205s] -- Added test 'cppcheck' to perform static code analysis on C / C++ code
[8.207s] -- Configured cppcheck include dirs: /home/wompus/VESC_ROS2/src/vesc_driver/include
[8.208s] -- Configured cppcheck exclude dirs and/or files: 
[8.221s] -- Added test 'cpplint' to check C / C++ code against the Google style
[8.222s] -- Configured cpplint exclude dirs and/or files: 
[8.227s] -- Added test 'flake8' to check Python code syntax and style conventions
[8.233s] -- Added test 'lint_cmake' to check CMake code style
[8.239s] -- Added test 'pep257' to check Python code against some of the docstring style conventions in PEP 257
[8.253s] -- Added test 'uncrustify' to check C / C++ code style
[8.254s] -- Configured uncrustify additional arguments: 
[8.259s] -- Added test 'xmllint' to check XML markup files
[8.281s] -- Configuring done
[8.503s] -- Generating done
[8.515s] -- Build files have been written to: /home/wompus/VESC_ROS2/build/vesc_driver
[8.568s] Invoked command in '/home/wompus/VESC_ROS2/build/vesc_driver' returned '0': CMAKE_PREFIX_PATH=/home/wompus/VESC_ROS2/install/vesc_interfaces:/home/wompus/VESC_ROS2/install/vesc_driver:/home/wompus/VESC_ROS2/install/differential_drive:/opt/ros/humble LD_LIBRARY_PATH=/home/wompus/VESC_ROS2/install/vesc_interfaces/lib:/home/wompus/VESC_ROS2/install/vesc_driver/lib:/opt/ros/humble/opt/rviz_ogre_vendor/lib:/opt/ros/humble/lib/aarch64-linux-gnu:/opt/ros/humble/lib /usr/bin/cmake /home/wompus/VESC_ROS2/src/vesc_driver -DAMENT_CMAKE_SYMLINK_INSTALL=1 -DCMAKE_INSTALL_PREFIX=/home/wompus/VESC_ROS2/install/vesc_driver
[8.578s] Invoking command in '/home/wompus/VESC_ROS2/build/vesc_driver': CMAKE_PREFIX_PATH=/home/wompus/VESC_ROS2/install/vesc_interfaces:/home/wompus/VESC_ROS2/install/vesc_driver:/home/wompus/VESC_ROS2/install/differential_drive:/opt/ros/humble LD_LIBRARY_PATH=/home/wompus/VESC_ROS2/install/vesc_interfaces/lib:/home/wompus/VESC_ROS2/install/vesc_driver/lib:/opt/ros/humble/opt/rviz_ogre_vendor/lib:/opt/ros/humble/lib/aarch64-linux-gnu:/opt/ros/humble/lib /usr/bin/cmake --build /home/wompus/VESC_ROS2/build/vesc_driver -- -j4 -l4
[8.915s] [ 14%] [32mBuilding CXX object CMakeFiles/vesc_driver.dir/src/vesc_packet.cpp.o[0m
[8.937s] [ 28%] [32mBuilding CXX object CMakeFiles/vesc_driver.dir/src/vesc_driver.cpp.o[0m
[8.948s] [ 42%] [32mBuilding CXX object CMakeFiles/vesc_driver_node.dir/rclcpp_components/node_main_vesc_driver_node.cpp.o[0m
[8.962s] [ 57%] [32mBuilding CXX object CMakeFiles/vesc_driver.dir/src/vesc_interface.cpp.o[0m
[14.055s] [ 71%] [32mBuilding CXX object CMakeFiles/vesc_driver.dir/src/vesc_packet_factory.cpp.o[0m
[29.366s] [ 85%] [32m[1mLinking CXX executable vesc_driver_node[0m
[30.362s] [ 85%] Built target vesc_driver_node
[53.879s] [100%] [32m[1mLinking CXX shared library libvesc_driver.so[0m
[57.298s] [100%] Built target vesc_driver
[57.374s] Invoked command in '/home/wompus/VESC_ROS2/build/vesc_driver' returned '0': CMAKE_PREFIX_PATH=/home/wompus/VESC_ROS2/install/vesc_interfaces:/home/wompus/VESC_ROS2/install/vesc_driver:/home/wompus/VESC_ROS2/install/differential_drive:/opt/ros/humble LD_LIBRARY_PATH=/home/wompus/VESC_ROS2/install/vesc_interfaces/lib:/home/wompus/VESC_ROS2/install/vesc_driver/lib:/opt/ros/humble/opt/rviz_ogre_vendor/lib:/opt/ros/humble/lib/aarch64-linux-gnu:/opt/ros/humble/lib /usr/bin/cmake --build /home/wompus/VESC_ROS2/build/vesc_driver -- -j4 -l4
[57.618s] Invoking command in '/home/wompus/VESC_ROS2/build/vesc_driver': CMAKE_PREFIX_PATH=/home/wompus/VESC_ROS2/install/vesc_interfaces:/home/wompus/VESC_ROS2/install/vesc_driver:/home/wompus/VESC_ROS2/install/differential_drive:/opt/ros/humble LD_LIBRARY_PATH=/home/wompus/VESC_ROS2/install/vesc_interfaces/lib:/home/wompus/VESC_ROS2/install/vesc_driver/lib:/opt/ros/humble/opt/rviz_ogre_vendor/lib:/opt/ros/humble/lib/aarch64-linux-gnu:/opt/ros/humble/lib /usr/bin/cmake --install /home/wompus/VESC_ROS2/build/vesc_driver
[57.650s] -- Install configuration: ""
[57.654s] -- Execute custom install script
[57.656s] -- Symlinking: /home/wompus/VESC_ROS2/install/vesc_driver/lib/vesc_driver/vesc_driver_node
[57.706s] -- Symlinking: /home/wompus/VESC_ROS2/install/vesc_driver/include/vesc_driver/crc.hpp
[57.744s] -- Symlinking: /home/wompus/VESC_ROS2/install/vesc_driver/include/vesc_driver/datatypes.hpp
[57.779s] -- Symlinking: /home/wompus/VESC_ROS2/install/vesc_driver/include/vesc_driver/vesc_driver.hpp
[57.817s] -- Symlinking: /home/wompus/VESC_ROS2/install/vesc_driver/include/vesc_driver/vesc_interface.hpp
[57.851s] -- Symlinking: /home/wompus/VESC_ROS2/install/vesc_driver/include/vesc_driver/vesc_packet.hpp
[57.888s] -- Symlinking: /home/wompus/VESC_ROS2/install/vesc_driver/include/vesc_driver/vesc_packet_factory.hpp
[57.926s] -- Symlinking: /home/wompus/VESC_ROS2/install/vesc_driver/share/vesc_driver/environment/library_path.sh
[57.964s] -- Symlinking: /home/wompus/VESC_ROS2/install/vesc_driver/share/vesc_driver/environment/library_path.dsv
[58.003s] -- Symlinking: /home/wompus/VESC_ROS2/install/vesc_driver/lib/libvesc_driver.so
[58.042s] -- Symlinking: /home/wompus/VESC_ROS2/install/vesc_driver/share/vesc_driver/launch/vesc_driver_node.launch.py
[58.082s] -- Symlinking: /home/wompus/VESC_ROS2/install/vesc_driver/share/vesc_driver/config/vesc_config.yaml
[58.124s] -- Symlinking: /home/wompus/VESC_ROS2/install/vesc_driver/share/ament_index/resource_index/package_run_dependencies/vesc_driver
[58.161s] -- Symlinking: /home/wompus/VESC_ROS2/install/vesc_driver/share/ament_index/resource_index/parent_prefix_path/vesc_driver
[58.200s] -- Symlinking: /home/wompus/VESC_ROS2/install/vesc_driver/share/vesc_driver/environment/ament_prefix_path.sh
[58.237s] -- Symlinking: /home/wompus/VESC_ROS2/install/vesc_driver/share/vesc_driver/environment/ament_prefix_path.dsv
[58.273s] -- Symlinking: /home/wompus/VESC_ROS2/install/vesc_driver/share/vesc_driver/environment/path.sh
[58.312s] -- Symlinking: /home/wompus/VESC_ROS2/install/vesc_driver/share/vesc_driver/environment/path.dsv
[58.348s] -- Symlinking: /home/wompus/VESC_ROS2/install/vesc_driver/share/vesc_driver/local_setup.bash
[58.384s] -- Symlinking: /home/wompus/VESC_ROS2/install/vesc_driver/share/vesc_driver/local_setup.sh
[58.421s] -- Symlinking: /home/wompus/VESC_ROS2/install/vesc_driver/share/vesc_driver/local_setup.zsh
[58.457s] -- Symlinking: /home/wompus/VESC_ROS2/install/vesc_driver/share/vesc_driver/local_setup.dsv
[58.498s] -- Symlinking: /home/wompus/VESC_ROS2/install/vesc_driver/share/vesc_driver/package.dsv
[58.540s] -- Symlinking: /home/wompus/VESC_ROS2/install/vesc_driver/share/ament_index/resource_index/packages/vesc_driver
[58.578s] -- Symlinking: /home/wompus/VESC_ROS2/install/vesc_driver/share/ament_index/resource_index/rclcpp_components/vesc_driver
[58.618s] -- Symlinking: /home/wompus/VESC_ROS2/install/vesc_driver/share/vesc_driver/cmake/ament_cmake_export_dependencies-extras.cmake
[58.653s] -- Symlinking: /home/wompus/VESC_ROS2/install/vesc_driver/share/vesc_driver/cmake/ament_cmake_export_include_directories-extras.cmake
[58.690s] -- Symlinking: /home/wompus/VESC_ROS2/install/vesc_driver/share/vesc_driver/cmake/ament_cmake_export_libraries-extras.cmake
[58.728s] -- Symlinking: /home/wompus/VESC_ROS2/install/vesc_driver/share/vesc_driver/cmake/vesc_driverConfig.cmake
[58.764s] -- Symlinking: /home/wompus/VESC_ROS2/install/vesc_driver/share/vesc_driver/cmake/vesc_driverConfig-version.cmake
[58.800s] -- Symlinking: /home/wompus/VESC_ROS2/install/vesc_driver/share/vesc_driver/package.xml
[58.849s] Invoked command in '/home/wompus/VESC_ROS2/build/vesc_driver' returned '0': CMAKE_PREFIX_PATH=/home/wompus/VESC_ROS2/install/vesc_interfaces:/home/wompus/VESC_ROS2/install/vesc_driver:/home/wompus/VESC_ROS2/install/differential_drive:/opt/ros/humble LD_LIBRARY_PATH=/home/wompus/VESC_ROS2/install/vesc_interfaces/lib:/home/wompus/VESC_ROS2/install/vesc_driver/lib:/opt/ros/humble/opt/rviz_ogre_vendor/lib:/opt/ros/humble/lib/aarch64-linux-gnu:/opt/ros/humble/lib /usr/bin/cmake --install /home/wompus/VESC_ROS2/build/vesc_driver
